13:00:31.339 logback [main] WARN  o.s.boot.StartupInfoLogger - InetAddress.getLocalHost().getHostName() took 5002 milliseconds to respond. Please verify your network configuration (macOS machines may need to add entries to /etc/hosts).
13:00:36.347 logback [main] INFO  c.s.s.SpringBootLogbackApplication - Starting SpringBootLogbackApplication on PykeChen-MBP.local with PID 3596 (/Users/cpy/Downloads/Spring-project/SpringAll/spring-boot-logback/target/classes started by cpy in /Users/cpy/Downloads/Spring-project/SpringAll/spring-boot-logback)
13:00:36.348 logback [main] INFO  c.s.s.SpringBootLogbackApplication - No active profile set, falling back to default profiles: default
13:00:37.160 logback [main] INFO  o.s.b.w.e.tomcat.TomcatWebServer - Tomcat initialized with port(s): 8080 (http)
13:00:37.168 logback [main] INFO  o.a.coyote.http11.Http11NioProtocol - Initializing ProtocolHandler ["http-nio-8080"]
13:00:37.169 logback [main] INFO  o.a.catalina.core.StandardService - Starting service [Tomcat]
13:00:37.169 logback [main] INFO  o.a.catalina.core.StandardEngine - Starting Servlet engine: [Apache Tomcat/9.0.31]
13:00:37.233 logback [main] INFO  o.a.c.c.C.[Tomcat].[localhost].[/] - Initializing Spring embedded WebApplicationContext
13:00:37.233 logback [main] INFO  o.s.web.context.ContextLoader - Root WebApplicationContext: initialization completed in 824 ms
13:00:37.377 logback [main] INFO  o.s.s.c.ThreadPoolTaskExecutor - Initializing ExecutorService 'applicationTaskExecutor'
13:00:37.548 logback [main] INFO  o.a.coyote.http11.Http11NioProtocol - Starting ProtocolHandler ["http-nio-8080"]
13:00:37.578 logback [main] INFO  o.s.b.w.e.tomcat.TomcatWebServer - Tomcat started on port(s): 8080 (http) with context path ''
13:00:37.582 logback [main] INFO  c.s.s.SpringBootLogbackApplication - Started SpringBootLogbackApplication in 21.654 seconds (JVM running for 27.184)
13:01:55.309 logback [http-nio-8080-exec-1] INFO  o.a.c.c.C.[Tomcat].[localhost].[/] - Initializing Spring DispatcherServlet 'dispatcherServlet'
13:01:55.309 logback [http-nio-8080-exec-1] INFO  o.s.web.servlet.DispatcherServlet - Initializing Servlet 'dispatcherServlet'
13:01:55.317 logback [http-nio-8080-exec-1] INFO  o.s.web.servlet.DispatcherServlet - Completed initialization in 8 ms
13:01:55.334 logback [http-nio-8080-exec-1] WARN  o.s.w.s.m.s.DefaultHandlerExceptionResolver - Resolved [org.springframework.web.HttpRequestMethodNotSupportedException: Request method 'GET' not supported]
13:01:55.342 logback [http-nio-8080-exec-1] WARN  c.s.s.interceptor.MyInterceptor - logger tracer 用户:0:0:0:0:0:0:0:1,访问目标:org.springframework.boot.autoconfigure.web.servlet.error.BasicErrorController.errorHtml
13:01:56.180 logback [http-nio-8080-exec-2] WARN  c.s.s.interceptor.MyInterceptor - logger tracer 用户:0:0:0:0:0:0:0:1,访问目标:org.springframework.boot.autoconfigure.web.servlet.error.BasicErrorController.error
13:02:01.764 logback [http-nio-8080-exec-4] WARN  c.s.s.interceptor.MyInterceptor - logger tracer 用户:0:0:0:0:0:0:0:1,访问目标:org.springframework.boot.autoconfigure.web.servlet.error.BasicErrorController.error
13:02:01.765 logback [http-nio-8080-exec-5] WARN  c.s.s.interceptor.MyInterceptor - logger tracer 用户:0:0:0:0:0:0:0:1,访问目标:org.springframework.boot.autoconfigure.web.servlet.error.BasicErrorController.error
13:02:09.137 logback [http-nio-8080-exec-6] WARN  c.s.s.interceptor.MyInterceptor - logger tracer 用户:0:0:0:0:0:0:0:1,访问目标:com.springboot.springbootlogback.controller.LearnController.index
13:02:09.204 logback [http-nio-8080-exec-7] WARN  c.s.s.interceptor.MyInterceptor - logger tracer 用户:0:0:0:0:0:0:0:1,访问目标:org.springframework.boot.autoconfigure.web.servlet.error.BasicErrorController.error
13:02:09.204 logback [http-nio-8080-exec-8] WARN  c.s.s.interceptor.MyInterceptor - logger tracer 用户:0:0:0:0:0:0:0:1,访问目标:org.springframework.boot.autoconfigure.web.servlet.error.BasicErrorController.error
13:02:09.205 logback [http-nio-8080-exec-9] WARN  c.s.s.interceptor.MyInterceptor - logger tracer 用户:0:0:0:0:0:0:0:1,访问目标:org.springframework.boot.autoconfigure.web.servlet.error.BasicErrorController.error
13:04:39.063 logback [SpringContextShutdownHook] INFO  o.s.s.c.ThreadPoolTaskExecutor - Shutting down ExecutorService 'applicationTaskExecutor'
13:05:01.370 logback [main] WARN  o.s.boot.StartupInfoLogger - InetAddress.getLocalHost().getHostName() took 5002 milliseconds to respond. Please verify your network configuration (macOS machines may need to add entries to /etc/hosts).
13:05:06.374 logback [main] INFO  c.s.s.SpringBootLogbackApplication - Starting SpringBootLogbackApplication on PykeChen-MBP.local with PID 3675 (/Users/cpy/Downloads/Spring-project/SpringAll/spring-boot-logback/target/classes started by cpy in /Users/cpy/Downloads/Spring-project/SpringAll/spring-boot-logback)
13:05:06.375 logback [main] INFO  c.s.s.SpringBootLogbackApplication - No active profile set, falling back to default profiles: default
13:05:07.072 logback [main] INFO  o.s.b.w.e.tomcat.TomcatWebServer - Tomcat initialized with port(s): 8080 (http)
13:05:07.079 logback [main] INFO  o.a.coyote.http11.Http11NioProtocol - Initializing ProtocolHandler ["http-nio-8080"]
13:05:07.080 logback [main] INFO  o.a.catalina.core.StandardService - Starting service [Tomcat]
13:05:07.080 logback [main] INFO  o.a.catalina.core.StandardEngine - Starting Servlet engine: [Apache Tomcat/9.0.31]
13:05:07.136 logback [main] INFO  o.a.c.c.C.[Tomcat].[localhost].[/] - Initializing Spring embedded WebApplicationContext
13:05:07.137 logback [main] INFO  o.s.web.context.ContextLoader - Root WebApplicationContext: initialization completed in 703 ms
13:05:07.279 logback [main] INFO  o.s.s.c.ThreadPoolTaskExecutor - Initializing ExecutorService 'applicationTaskExecutor'
13:05:07.423 logback [main] INFO  o.a.coyote.http11.Http11NioProtocol - Starting ProtocolHandler ["http-nio-8080"]
13:05:07.450 logback [main] INFO  o.s.b.w.e.tomcat.TomcatWebServer - Tomcat started on port(s): 8080 (http) with context path ''
13:05:07.453 logback [main] INFO  c.s.s.SpringBootLogbackApplication - Started SpringBootLogbackApplication in 21.382 seconds (JVM running for 26.805)
13:05:27.836 logback [http-nio-8080-exec-1] INFO  o.a.c.c.C.[Tomcat].[localhost].[/] - Initializing Spring DispatcherServlet 'dispatcherServlet'
13:05:27.837 logback [http-nio-8080-exec-1] INFO  o.s.web.servlet.DispatcherServlet - Initializing Servlet 'dispatcherServlet'
13:05:27.841 logback [http-nio-8080-exec-1] INFO  o.s.web.servlet.DispatcherServlet - Completed initialization in 4 ms
13:05:27.851 logback [http-nio-8080-exec-1] WARN  c.s.s.interceptor.MyInterceptor - logger tracer 用户:0:0:0:0:0:0:0:1,访问目标:com.springboot.springbootlogback.controller.LearnController.index
13:05:28.196 logback [http-nio-8080-exec-3] WARN  c.s.s.interceptor.MyInterceptor - logger tracer 用户:0:0:0:0:0:0:0:1,访问目标:org.springframework.boot.autoconfigure.web.servlet.error.BasicErrorController.error
13:05:28.196 logback [http-nio-8080-exec-4] WARN  c.s.s.interceptor.MyInterceptor - logger tracer 用户:0:0:0:0:0:0:0:1,访问目标:org.springframework.boot.autoconfigure.web.servlet.error.BasicErrorController.error
13:05:28.196 logback [http-nio-8080-exec-2] WARN  c.s.s.interceptor.MyInterceptor - logger tracer 用户:0:0:0:0:0:0:0:1,访问目标:org.springframework.boot.autoconfigure.web.servlet.error.BasicErrorController.error
13:05:29.021 logback [http-nio-8080-exec-5] WARN  c.s.s.interceptor.MyInterceptor - logger tracer 用户:0:0:0:0:0:0:0:1,访问目标:com.springboot.springbootlogback.controller.LearnController.index
13:05:29.097 logback [http-nio-8080-exec-6] WARN  c.s.s.interceptor.MyInterceptor - logger tracer 用户:0:0:0:0:0:0:0:1,访问目标:org.springframework.boot.autoconfigure.web.servlet.error.BasicErrorController.error
13:05:29.097 logback [http-nio-8080-exec-8] WARN  c.s.s.interceptor.MyInterceptor - logger tracer 用户:0:0:0:0:0:0:0:1,访问目标:org.springframework.boot.autoconfigure.web.servlet.error.BasicErrorController.error
13:05:29.098 logback [http-nio-8080-exec-7] WARN  c.s.s.interceptor.MyInterceptor - logger tracer 用户:0:0:0:0:0:0:0:1,访问目标:org.springframework.boot.autoconfigure.web.servlet.error.BasicErrorController.error
13:05:29.691 logback [http-nio-8080-exec-9] WARN  c.s.s.interceptor.MyInterceptor - logger tracer 用户:0:0:0:0:0:0:0:1,访问目标:com.springboot.springbootlogback.controller.LearnController.index
13:05:29.713 logback [http-nio-8080-exec-10] WARN  c.s.s.interceptor.MyInterceptor - logger tracer 用户:0:0:0:0:0:0:0:1,访问目标:org.springframework.boot.autoconfigure.web.servlet.error.BasicErrorController.error
13:05:29.714 logback [http-nio-8080-exec-3] WARN  c.s.s.interceptor.MyInterceptor - logger tracer 用户:0:0:0:0:0:0:0:1,访问目标:org.springframework.boot.autoconfigure.web.servlet.error.BasicErrorController.error
13:05:29.714 logback [http-nio-8080-exec-1] WARN  c.s.s.interceptor.MyInterceptor - logger tracer 用户:0:0:0:0:0:0:0:1,访问目标:org.springframework.boot.autoconfigure.web.servlet.error.BasicErrorController.error
13:05:31.769 logback [http-nio-8080-exec-4] WARN  c.s.s.interceptor.MyInterceptor - logger tracer 用户:0:0:0:0:0:0:0:1,访问目标:org.springframework.boot.autoconfigure.web.servlet.error.BasicErrorController.error
13:05:31.770 logback [http-nio-8080-exec-5] WARN  c.s.s.interceptor.MyInterceptor - logger tracer 用户:0:0:0:0:0:0:0:1,访问目标:org.springframework.boot.autoconfigure.web.servlet.error.BasicErrorController.error
13:05:38.845 logback [SpringContextShutdownHook] INFO  o.s.s.c.ThreadPoolTaskExecutor - Shutting down ExecutorService 'applicationTaskExecutor'
13:06:00.188 logback [main] WARN  o.s.boot.StartupInfoLogger - InetAddress.getLocalHost().getHostName() took 5004 milliseconds to respond. Please verify your network configuration (macOS machines may need to add entries to /etc/hosts).
13:06:05.194 logback [main] INFO  c.s.s.SpringBootLogbackApplication - Starting SpringBootLogbackApplication on PykeChen-MBP.local with PID 3687 (/Users/cpy/Downloads/Spring-project/SpringAll/spring-boot-logback/target/classes started by cpy in /Users/cpy/Downloads/Spring-project/SpringAll/spring-boot-logback)
13:06:05.195 logback [main] INFO  c.s.s.SpringBootLogbackApplication - No active profile set, falling back to default profiles: default
13:06:05.878 logback [main] INFO  o.s.b.w.e.tomcat.TomcatWebServer - Tomcat initialized with port(s): 8080 (http)
13:06:05.886 logback [main] INFO  o.a.coyote.http11.Http11NioProtocol - Initializing ProtocolHandler ["http-nio-8080"]
13:06:05.886 logback [main] INFO  o.a.catalina.core.StandardService - Starting service [Tomcat]
13:06:05.886 logback [main] INFO  o.a.catalina.core.StandardEngine - Starting Servlet engine: [Apache Tomcat/9.0.31]
13:06:05.949 logback [main] INFO  o.a.c.c.C.[Tomcat].[localhost].[/] - Initializing Spring embedded WebApplicationContext
13:06:05.949 logback [main] INFO  o.s.web.context.ContextLoader - Root WebApplicationContext: initialization completed in 698 ms
13:06:06.083 logback [main] INFO  o.s.s.c.ThreadPoolTaskExecutor - Initializing ExecutorService 'applicationTaskExecutor'
13:06:06.220 logback [main] INFO  o.a.coyote.http11.Http11NioProtocol - Starting ProtocolHandler ["http-nio-8080"]
13:06:06.248 logback [main] INFO  o.s.b.w.e.tomcat.TomcatWebServer - Tomcat started on port(s): 8080 (http) with context path ''
13:06:06.251 logback [main] INFO  c.s.s.SpringBootLogbackApplication - Started SpringBootLogbackApplication in 21.352 seconds (JVM running for 26.776)
13:06:25.019 logback [http-nio-8080-exec-1] INFO  o.a.c.c.C.[Tomcat].[localhost].[/] - Initializing Spring DispatcherServlet 'dispatcherServlet'
13:06:25.020 logback [http-nio-8080-exec-1] INFO  o.s.web.servlet.DispatcherServlet - Initializing Servlet 'dispatcherServlet'
13:06:25.025 logback [http-nio-8080-exec-1] INFO  o.s.web.servlet.DispatcherServlet - Completed initialization in 5 ms
13:06:25.402 logback [http-nio-8080-exec-3] WARN  c.s.s.interceptor.MyInterceptor - logger tracer 用户:0:0:0:0:0:0:0:1,访问目标:org.springframework.boot.autoconfigure.web.servlet.error.BasicErrorController.error
13:06:25.403 logback [http-nio-8080-exec-2] WARN  c.s.s.interceptor.MyInterceptor - logger tracer 用户:0:0:0:0:0:0:0:1,访问目标:org.springframework.boot.autoconfigure.web.servlet.error.BasicErrorController.error
13:06:28.978 logback [http-nio-8080-exec-4] WARN  c.s.s.interceptor.MyInterceptor - logger tracer 用户:0:0:0:0:0:0:0:1,访问目标:com.springboot.springbootlogback.controller.LearnController.index
13:06:29.019 logback [http-nio-8080-exec-5] WARN  c.s.s.interceptor.MyInterceptor - logger tracer 用户:0:0:0:0:0:0:0:1,访问目标:org.springframework.boot.autoconfigure.web.servlet.error.BasicErrorController.error
13:06:29.019 logback [http-nio-8080-exec-6] WARN  c.s.s.interceptor.MyInterceptor - logger tracer 用户:0:0:0:0:0:0:0:1,访问目标:org.springframework.boot.autoconfigure.web.servlet.error.BasicErrorController.error
13:06:29.020 logback [http-nio-8080-exec-7] WARN  c.s.s.interceptor.MyInterceptor - logger tracer 用户:0:0:0:0:0:0:0:1,访问目标:org.springframework.boot.autoconfigure.web.servlet.error.BasicErrorController.error
13:41:44.788 logback [http-nio-8080-exec-2] WARN  c.s.s.interceptor.MyInterceptor - logger tracer 用户:172.16.22.36,访问目标:org.springframework.boot.autoconfigure.web.servlet.error.BasicErrorController.error
13:41:44.815 logback [http-nio-8080-exec-3] WARN  c.s.s.interceptor.MyInterceptor - logger tracer 用户:172.16.22.36,访问目标:org.springframework.boot.autoconfigure.web.servlet.error.BasicErrorController.error
13:41:44.842 logback [http-nio-8080-exec-4] WARN  c.s.s.interceptor.MyInterceptor - logger tracer 用户:172.16.22.36,访问目标:org.springframework.boot.autoconfigure.web.servlet.error.BasicErrorController.error
13:41:44.878 logback [http-nio-8080-exec-5] WARN  c.s.s.interceptor.MyInterceptor - logger tracer 用户:172.16.22.36,访问目标:org.springframework.boot.autoconfigure.web.servlet.error.BasicErrorController.error
13:41:44.905 logback [http-nio-8080-exec-6] WARN  c.s.s.interceptor.MyInterceptor - logger tracer 用户:172.16.22.36,访问目标:org.springframework.boot.autoconfigure.web.servlet.error.BasicErrorController.error
13:41:44.932 logback [http-nio-8080-exec-7] WARN  c.s.s.interceptor.MyInterceptor - logger tracer 用户:172.16.22.36,访问目标:org.springframework.boot.autoconfigure.web.servlet.error.BasicErrorController.error
13:41:44.955 logback [http-nio-8080-exec-10] WARN  c.s.s.interceptor.MyInterceptor - logger tracer 用户:172.16.22.36,访问目标:org.springframework.boot.autoconfigure.web.servlet.error.BasicErrorController.error
13:41:44.980 logback [http-nio-8080-exec-9] WARN  c.s.s.interceptor.MyInterceptor - logger tracer 用户:172.16.22.36,访问目标:org.springframework.boot.autoconfigure.web.servlet.error.BasicErrorController.error
13:41:45.007 logback [http-nio-8080-exec-8] WARN  c.s.s.interceptor.MyInterceptor - logger tracer 用户:172.16.22.36,访问目标:org.springframework.boot.autoconfigure.web.servlet.error.BasicErrorController.error
13:41:45.031 logback [http-nio-8080-exec-1] WARN  c.s.s.interceptor.MyInterceptor - logger tracer 用户:172.16.22.36,访问目标:org.springframework.boot.autoconfigure.web.servlet.error.BasicErrorController.error
13:41:45.056 logback [http-nio-8080-exec-2] WARN  c.s.s.interceptor.MyInterceptor - logger tracer 用户:172.16.22.36,访问目标:org.springframework.boot.autoconfigure.web.servlet.error.BasicErrorController.error
13:41:45.088 logback [http-nio-8080-exec-3] WARN  c.s.s.interceptor.MyInterceptor - logger tracer 用户:172.16.22.36,访问目标:org.springframework.boot.autoconfigure.web.servlet.error.BasicErrorController.error
13:41:45.116 logback [http-nio-8080-exec-4] WARN  c.s.s.interceptor.MyInterceptor - logger tracer 用户:172.16.22.36,访问目标:org.springframework.boot.autoconfigure.web.servlet.error.BasicErrorController.error
13:41:45.139 logback [http-nio-8080-exec-5] WARN  c.s.s.interceptor.MyInterceptor - logger tracer 用户:172.16.22.36,访问目标:org.springframework.boot.autoconfigure.web.servlet.error.BasicErrorController.error
13:41:45.163 logback [http-nio-8080-exec-6] WARN  c.s.s.interceptor.MyInterceptor - logger tracer 用户:172.16.22.36,访问目标:org.springframework.boot.autoconfigure.web.servlet.error.BasicErrorController.error
13:41:45.188 logback [http-nio-8080-exec-7] WARN  c.s.s.interceptor.MyInterceptor - logger tracer 用户:172.16.22.36,访问目标:org.springframework.boot.autoconfigure.web.servlet.error.BasicErrorController.error
13:41:45.219 logback [http-nio-8080-exec-10] WARN  c.s.s.interceptor.MyInterceptor - logger tracer 用户:172.16.22.36,访问目标:org.springframework.boot.autoconfigure.web.servlet.error.BasicErrorController.error
13:41:45.241 logback [http-nio-8080-exec-9] WARN  c.s.s.interceptor.MyInterceptor - logger tracer 用户:172.16.22.36,访问目标:org.springframework.boot.autoconfigure.web.servlet.error.BasicErrorController.error
13:41:45.263 logback [http-nio-8080-exec-8] WARN  c.s.s.interceptor.MyInterceptor - logger tracer 用户:172.16.22.36,访问目标:org.springframework.boot.autoconfigure.web.servlet.error.BasicErrorController.error
13:41:45.287 logback [http-nio-8080-exec-1] WARN  c.s.s.interceptor.MyInterceptor - logger tracer 用户:172.16.22.36,访问目标:org.springframework.boot.autoconfigure.web.servlet.error.BasicErrorController.error
13:41:45.312 logback [http-nio-8080-exec-2] WARN  c.s.s.interceptor.MyInterceptor - logger tracer 用户:172.16.22.36,访问目标:org.springframework.boot.autoconfigure.web.servlet.error.BasicErrorController.error
13:41:45.335 logback [http-nio-8080-exec-3] WARN  c.s.s.interceptor.MyInterceptor - logger tracer 用户:172.16.22.36,访问目标:org.springframework.boot.autoconfigure.web.servlet.error.BasicErrorController.error
13:41:45.361 logback [http-nio-8080-exec-4] WARN  c.s.s.interceptor.MyInterceptor - logger tracer 用户:172.16.22.36,访问目标:org.springframework.boot.autoconfigure.web.servlet.error.BasicErrorController.error
13:41:45.387 logback [http-nio-8080-exec-5] WARN  c.s.s.interceptor.MyInterceptor - logger tracer 用户:172.16.22.36,访问目标:org.springframework.boot.autoconfigure.web.servlet.error.BasicErrorController.error
13:41:45.412 logback [http-nio-8080-exec-6] WARN  c.s.s.interceptor.MyInterceptor - logger tracer 用户:172.16.22.36,访问目标:org.springframework.boot.autoconfigure.web.servlet.error.BasicErrorController.error
13:41:45.436 logback [http-nio-8080-exec-7] WARN  c.s.s.interceptor.MyInterceptor - logger tracer 用户:172.16.22.36,访问目标:org.springframework.boot.autoconfigure.web.servlet.error.BasicErrorController.error
13:41:45.461 logback [http-nio-8080-exec-10] WARN  c.s.s.interceptor.MyInterceptor - logger tracer 用户:172.16.22.36,访问目标:org.springframework.boot.autoconfigure.web.servlet.error.BasicErrorController.error
13:41:45.488 logback [http-nio-8080-exec-9] WARN  c.s.s.interceptor.MyInterceptor - logger tracer 用户:172.16.22.36,访问目标:org.springframework.boot.autoconfigure.web.servlet.error.BasicErrorController.error
13:41:45.513 logback [http-nio-8080-exec-8] WARN  c.s.s.interceptor.MyInterceptor - logger tracer 用户:172.16.22.36,访问目标:org.springframework.boot.autoconfigure.web.servlet.error.BasicErrorController.error
13:41:45.540 logback [http-nio-8080-exec-1] WARN  c.s.s.interceptor.MyInterceptor - logger tracer 用户:172.16.22.36,访问目标:org.springframework.boot.autoconfigure.web.servlet.error.BasicErrorController.error
13:41:45.565 logback [http-nio-8080-exec-2] WARN  c.s.s.interceptor.MyInterceptor - logger tracer 用户:172.16.22.36,访问目标:org.springframework.boot.autoconfigure.web.servlet.error.BasicErrorController.error
13:41:45.608 logback [http-nio-8080-exec-3] WARN  c.s.s.interceptor.MyInterceptor - logger tracer 用户:172.16.22.36,访问目标:org.springframework.boot.autoconfigure.web.servlet.error.BasicErrorController.error
13:46:39.846 logback [SpringContextShutdownHook] INFO  o.s.s.c.ThreadPoolTaskExecutor - Shutting down ExecutorService 'applicationTaskExecutor'
13:47:02.200 logback [main] WARN  o.s.boot.StartupInfoLogger - InetAddress.getLocalHost().getHostName() took 5003 milliseconds to respond. Please verify your network configuration (macOS machines may need to add entries to /etc/hosts).
13:47:07.206 logback [main] INFO  c.s.s.SpringBootLogbackApplication - Starting SpringBootLogbackApplication on PykeChen-MBP.local with PID 3961 (/Users/cpy/Downloads/Spring-project/SpringAll/spring-boot-logback/target/classes started by cpy in /Users/cpy/Downloads/Spring-project/SpringAll/spring-boot-logback)
13:47:07.207 logback [main] INFO  c.s.s.SpringBootLogbackApplication - No active profile set, falling back to default profiles: default
13:47:07.803 logback [main] INFO  o.s.b.w.e.tomcat.TomcatWebServer - Tomcat initialized with port(s): 8080 (http)
13:47:07.809 logback [main] INFO  o.a.coyote.http11.Http11NioProtocol - Initializing ProtocolHandler ["http-nio-8080"]
13:47:07.810 logback [main] INFO  o.a.catalina.core.StandardService - Starting service [Tomcat]
13:47:07.810 logback [main] INFO  o.a.catalina.core.StandardEngine - Starting Servlet engine: [Apache Tomcat/9.0.31]
13:47:07.871 logback [main] INFO  o.a.c.c.C.[Tomcat].[localhost].[/] - Initializing Spring embedded WebApplicationContext
13:47:07.871 logback [main] INFO  o.s.web.context.ContextLoader - Root WebApplicationContext: initialization completed in 618 ms
13:47:07.998 logback [main] INFO  o.s.s.c.ThreadPoolTaskExecutor - Initializing ExecutorService 'applicationTaskExecutor'
13:47:08.137 logback [main] INFO  o.a.coyote.http11.Http11NioProtocol - Starting ProtocolHandler ["http-nio-8080"]
13:47:08.163 logback [main] INFO  o.s.b.w.e.tomcat.TomcatWebServer - Tomcat started on port(s): 8080 (http) with context path ''
13:47:08.166 logback [main] INFO  c.s.s.SpringBootLogbackApplication - Started SpringBootLogbackApplication in 21.305 seconds (JVM running for 26.73)
13:47:19.668 logback [http-nio-8080-exec-1] INFO  o.a.c.c.C.[Tomcat].[localhost].[/] - Initializing Spring DispatcherServlet 'dispatcherServlet'
13:47:19.669 logback [http-nio-8080-exec-1] INFO  o.s.web.servlet.DispatcherServlet - Initializing Servlet 'dispatcherServlet'
13:47:19.674 logback [http-nio-8080-exec-1] INFO  o.s.web.servlet.DispatcherServlet - Completed initialization in 5 ms
13:47:19.684 logback [http-nio-8080-exec-1] WARN  c.s.s.interceptor.MyInterceptor - logger tracer 用户:0:0:0:0:0:0:0:1,访问目标:com.springboot.springbootlogback.controller.LearnController.index
13:47:20.041 logback [http-nio-8080-exec-4] WARN  c.s.s.interceptor.MyInterceptor - logger tracer 用户:0:0:0:0:0:0:0:1,访问目标:org.springframework.boot.autoconfigure.web.servlet.error.BasicErrorController.error
13:47:20.041 logback [http-nio-8080-exec-3] WARN  c.s.s.interceptor.MyInterceptor - logger tracer 用户:0:0:0:0:0:0:0:1,访问目标:org.springframework.boot.autoconfigure.web.servlet.error.BasicErrorController.error
13:47:20.041 logback [http-nio-8080-exec-2] WARN  c.s.s.interceptor.MyInterceptor - logger tracer 用户:0:0:0:0:0:0:0:1,访问目标:org.springframework.boot.autoconfigure.web.servlet.error.BasicErrorController.error
13:47:20.098 logback [http-nio-8080-exec-5] WARN  c.s.s.interceptor.MyInterceptor - logger tracer 用户:0:0:0:0:0:0:0:1,访问目标:org.springframework.boot.autoconfigure.web.servlet.error.BasicErrorController.error
13:47:20.647 logback [http-nio-8080-exec-6] WARN  c.s.s.interceptor.MyInterceptor - logger tracer 用户:0:0:0:0:0:0:0:1,访问目标:com.springboot.springbootlogback.controller.LearnController.index
13:47:20.670 logback [http-nio-8080-exec-7] WARN  c.s.s.interceptor.MyInterceptor - logger tracer 用户:0:0:0:0:0:0:0:1,访问目标:org.springframework.boot.autoconfigure.web.servlet.error.BasicErrorController.error
13:47:20.671 logback [http-nio-8080-exec-9] WARN  c.s.s.interceptor.MyInterceptor - logger tracer 用户:0:0:0:0:0:0:0:1,访问目标:org.springframework.boot.autoconfigure.web.servlet.error.BasicErrorController.error
13:47:20.671 logback [http-nio-8080-exec-8] WARN  c.s.s.interceptor.MyInterceptor - logger tracer 用户:0:0:0:0:0:0:0:1,访问目标:org.springframework.boot.autoconfigure.web.servlet.error.BasicErrorController.error
13:47:22.511 logback [http-nio-8080-exec-1] WARN  c.s.s.interceptor.MyInterceptor - logger tracer 用户:0:0:0:0:0:0:0:1,访问目标:org.springframework.boot.autoconfigure.web.servlet.error.BasicErrorController.error
13:47:22.511 logback [http-nio-8080-exec-4] WARN  c.s.s.interceptor.MyInterceptor - logger tracer 用户:0:0:0:0:0:0:0:1,访问目标:org.springframework.boot.autoconfigure.web.servlet.error.BasicErrorController.error
13:47:25.680 logback [http-nio-8080-exec-2] WARN  c.s.s.interceptor.MyInterceptor - logger tracer 用户:0:0:0:0:0:0:0:1,访问目标:org.springframework.boot.autoconfigure.web.servlet.error.BasicErrorController.error
13:47:25.680 logback [http-nio-8080-exec-5] WARN  c.s.s.interceptor.MyInterceptor - logger tracer 用户:0:0:0:0:0:0:0:1,访问目标:org.springframework.boot.autoconfigure.web.servlet.error.BasicErrorController.error
13:54:09.119 logback [SpringContextShutdownHook] INFO  o.s.s.c.ThreadPoolTaskExecutor - Shutting down ExecutorService 'applicationTaskExecutor'
13:54:31.357 logback [main] WARN  o.s.boot.StartupInfoLogger - InetAddress.getLocalHost().getHostName() took 5003 milliseconds to respond. Please verify your network configuration (macOS machines may need to add entries to /etc/hosts).
13:54:36.365 logback [main] INFO  c.s.s.SpringBootLogbackApplication - Starting SpringBootLogbackApplication on PykeChen-MBP.local with PID 4053 (/Users/cpy/Downloads/Spring-project/SpringAll/spring-boot-logback/target/classes started by cpy in /Users/cpy/Downloads/Spring-project/SpringAll/spring-boot-logback)
13:54:36.365 logback [main] INFO  c.s.s.SpringBootLogbackApplication - No active profile set, falling back to default profiles: default
13:54:37.037 logback [main] INFO  o.s.b.w.e.tomcat.TomcatWebServer - Tomcat initialized with port(s): 8080 (http)
13:54:37.044 logback [main] INFO  o.a.coyote.http11.Http11NioProtocol - Initializing ProtocolHandler ["http-nio-8080"]
13:54:37.044 logback [main] INFO  o.a.catalina.core.StandardService - Starting service [Tomcat]
13:54:37.044 logback [main] INFO  o.a.catalina.core.StandardEngine - Starting Servlet engine: [Apache Tomcat/9.0.31]
13:54:37.101 logback [main] INFO  o.a.c.c.C.[Tomcat].[localhost].[/] - Initializing Spring embedded WebApplicationContext
13:54:37.101 logback [main] INFO  o.s.web.context.ContextLoader - Root WebApplicationContext: initialization completed in 677 ms
13:54:37.222 logback [main] INFO  o.s.s.c.ThreadPoolTaskExecutor - Initializing ExecutorService 'applicationTaskExecutor'
13:54:37.361 logback [main] INFO  o.a.coyote.http11.Http11NioProtocol - Starting ProtocolHandler ["http-nio-8080"]
13:54:37.391 logback [main] INFO  o.s.b.w.e.tomcat.TomcatWebServer - Tomcat started on port(s): 8080 (http) with context path ''
13:54:37.394 logback [main] INFO  c.s.s.SpringBootLogbackApplication - Started SpringBootLogbackApplication in 21.354 seconds (JVM running for 26.785)
13:54:59.087 logback [http-nio-8080-exec-1] INFO  o.a.c.c.C.[Tomcat].[localhost].[/] - Initializing Spring DispatcherServlet 'dispatcherServlet'
13:54:59.087 logback [http-nio-8080-exec-1] INFO  o.s.web.servlet.DispatcherServlet - Initializing Servlet 'dispatcherServlet'
13:54:59.092 logback [http-nio-8080-exec-1] INFO  o.s.web.servlet.DispatcherServlet - Completed initialization in 4 ms
13:54:59.390 logback [http-nio-8080-exec-2] WARN  c.s.s.interceptor.MyInterceptor - logger tracer 用户:0:0:0:0:0:0:0:1,访问目标:org.springframework.boot.autoconfigure.web.servlet.error.BasicErrorController.error
13:54:59.390 logback [http-nio-8080-exec-3] WARN  c.s.s.interceptor.MyInterceptor - logger tracer 用户:0:0:0:0:0:0:0:1,访问目标:org.springframework.boot.autoconfigure.web.servlet.error.BasicErrorController.error
13:55:07.728 logback [http-nio-8080-exec-5] WARN  c.s.s.interceptor.MyInterceptor - logger tracer 用户:0:0:0:0:0:0:0:1,访问目标:org.springframework.boot.autoconfigure.web.servlet.error.BasicErrorController.error
14:02:09.064 logback [SpringContextShutdownHook] INFO  o.s.s.c.ThreadPoolTaskExecutor - Shutting down ExecutorService 'applicationTaskExecutor'
14:02:32.012 logback [main] WARN  o.s.boot.StartupInfoLogger - InetAddress.getLocalHost().getHostName() took 5002 milliseconds to respond. Please verify your network configuration (macOS machines may need to add entries to /etc/hosts).
14:02:37.019 logback [main] INFO  c.s.s.SpringBootLogbackApplication - Starting SpringBootLogbackApplication on PykeChen-MBP.local with PID 4183 (/Users/cpy/Downloads/Spring-project/SpringAll/spring-boot-logback/target/classes started by cpy in /Users/cpy/Downloads/Spring-project/SpringAll/spring-boot-logback)
14:02:37.020 logback [main] INFO  c.s.s.SpringBootLogbackApplication - No active profile set, falling back to default profiles: default
14:02:37.580 logback [main] INFO  o.s.b.w.e.tomcat.TomcatWebServer - Tomcat initialized with port(s): 8080 (http)
14:02:37.586 logback [main] INFO  o.a.coyote.http11.Http11NioProtocol - Initializing ProtocolHandler ["http-nio-8080"]
14:02:37.586 logback [main] INFO  o.a.catalina.core.StandardService - Starting service [Tomcat]
14:02:37.586 logback [main] INFO  o.a.catalina.core.StandardEngine - Starting Servlet engine: [Apache Tomcat/9.0.31]
14:02:37.630 logback [main] INFO  o.a.c.c.C.[Tomcat].[localhost].[/] - Initializing Spring embedded WebApplicationContext
14:02:37.630 logback [main] INFO  o.s.web.context.ContextLoader - Root WebApplicationContext: initialization completed in 558 ms
14:02:37.737 logback [main] INFO  o.s.s.c.ThreadPoolTaskExecutor - Initializing ExecutorService 'applicationTaskExecutor'
14:02:37.862 logback [main] INFO  o.a.coyote.http11.Http11NioProtocol - Starting ProtocolHandler ["http-nio-8080"]
14:02:37.889 logback [main] INFO  o.s.b.w.e.tomcat.TomcatWebServer - Tomcat started on port(s): 8080 (http) with context path ''
14:02:37.892 logback [main] INFO  c.s.s.SpringBootLogbackApplication - Started SpringBootLogbackApplication in 21.151 seconds (JVM running for 26.554)
14:03:04.103 logback [http-nio-8080-exec-1] INFO  o.a.c.c.C.[Tomcat].[localhost].[/] - Initializing Spring DispatcherServlet 'dispatcherServlet'
14:03:04.104 logback [http-nio-8080-exec-1] INFO  o.s.web.servlet.DispatcherServlet - Initializing Servlet 'dispatcherServlet'
14:03:04.109 logback [http-nio-8080-exec-1] INFO  o.s.web.servlet.DispatcherServlet - Completed initialization in 5 ms
14:03:04.296 logback [http-nio-8080-exec-3] WARN  c.s.s.interceptor.MyInterceptor - logger tracer 用户:0:0:0:0:0:0:0:1,访问目标:org.springframework.boot.autoconfigure.web.servlet.error.BasicErrorController.error
14:03:04.296 logback [http-nio-8080-exec-2] WARN  c.s.s.interceptor.MyInterceptor - logger tracer 用户:0:0:0:0:0:0:0:1,访问目标:org.springframework.boot.autoconfigure.web.servlet.error.BasicErrorController.error
14:03:06.300 logback [http-nio-8080-exec-6] WARN  c.s.s.interceptor.MyInterceptor - logger tracer 用户:0:0:0:0:0:0:0:1,访问目标:org.springframework.boot.autoconfigure.web.servlet.error.BasicErrorController.error
14:03:06.300 logback [http-nio-8080-exec-5] WARN  c.s.s.interceptor.MyInterceptor - logger tracer 用户:0:0:0:0:0:0:0:1,访问目标:org.springframework.boot.autoconfigure.web.servlet.error.BasicErrorController.error
14:03:07.451 logback [http-nio-8080-exec-8] WARN  c.s.s.interceptor.MyInterceptor - logger tracer 用户:0:0:0:0:0:0:0:1,访问目标:org.springframework.boot.autoconfigure.web.servlet.error.BasicErrorController.error
14:03:07.452 logback [http-nio-8080-exec-9] WARN  c.s.s.interceptor.MyInterceptor - logger tracer 用户:0:0:0:0:0:0:0:1,访问目标:org.springframework.boot.autoconfigure.web.servlet.error.BasicErrorController.error
14:03:09.811 logback [http-nio-8080-exec-3] WARN  c.s.s.interceptor.MyInterceptor - logger tracer 用户:0:0:0:0:0:0:0:1,访问目标:org.springframework.boot.autoconfigure.web.servlet.error.BasicErrorController.error
14:03:09.811 logback [http-nio-8080-exec-1] WARN  c.s.s.interceptor.MyInterceptor - logger tracer 用户:0:0:0:0:0:0:0:1,访问目标:org.springframework.boot.autoconfigure.web.servlet.error.BasicErrorController.error
14:04:47.137 logback [SpringContextShutdownHook] INFO  o.s.s.c.ThreadPoolTaskExecutor - Shutting down ExecutorService 'applicationTaskExecutor'
14:05:15.634 logback [main] WARN  o.s.boot.StartupInfoLogger - InetAddress.getLocalHost().getHostName() took 5006 milliseconds to respond. Please verify your network configuration (macOS machines may need to add entries to /etc/hosts).
14:05:20.642 logback [main] INFO  c.s.s.SpringBootLogbackApplication - Starting SpringBootLogbackApplication on PykeChen-MBP.local with PID 4237 (/Users/cpy/Downloads/Spring-project/SpringAll/spring-boot-logback/target/classes started by cpy in /Users/cpy/Downloads/Spring-project/SpringAll/spring-boot-logback)
14:05:20.644 logback [main] INFO  c.s.s.SpringBootLogbackApplication - No active profile set, falling back to default profiles: default
14:05:21.266 logback [main] INFO  o.s.b.w.e.tomcat.TomcatWebServer - Tomcat initialized with port(s): 8080 (http)
14:05:21.273 logback [main] INFO  o.a.coyote.http11.Http11NioProtocol - Initializing ProtocolHandler ["http-nio-8080"]
14:05:21.273 logback [main] INFO  o.a.catalina.core.StandardService - Starting service [Tomcat]
14:05:21.273 logback [main] INFO  o.a.catalina.core.StandardEngine - Starting Servlet engine: [Apache Tomcat/9.0.31]
14:05:21.334 logback [main] INFO  o.a.c.c.C.[Tomcat].[localhost].[/] - Initializing Spring embedded WebApplicationContext
14:05:21.334 logback [main] INFO  o.s.web.context.ContextLoader - Root WebApplicationContext: initialization completed in 637 ms
14:05:21.452 logback [main] INFO  o.s.s.c.ThreadPoolTaskExecutor - Initializing ExecutorService 'applicationTaskExecutor'
14:05:21.589 logback [main] INFO  o.a.coyote.http11.Http11NioProtocol - Starting ProtocolHandler ["http-nio-8080"]
14:05:21.619 logback [main] INFO  o.s.b.w.e.tomcat.TomcatWebServer - Tomcat started on port(s): 8080 (http) with context path ''
14:05:21.622 logback [main] INFO  c.s.s.SpringBootLogbackApplication - Started SpringBootLogbackApplication in 21.358 seconds (JVM running for 26.786)
14:05:50.716 logback [http-nio-8080-exec-1] INFO  o.a.c.c.C.[Tomcat].[localhost].[/] - Initializing Spring DispatcherServlet 'dispatcherServlet'
14:05:50.716 logback [http-nio-8080-exec-1] INFO  o.s.web.servlet.DispatcherServlet - Initializing Servlet 'dispatcherServlet'
14:05:50.721 logback [http-nio-8080-exec-1] INFO  o.s.web.servlet.DispatcherServlet - Completed initialization in 4 ms
14:05:51.052 logback [http-nio-8080-exec-3] WARN  c.s.s.interceptor.MyInterceptor - logger tracer 用户:0:0:0:0:0:0:0:1,访问目标:org.springframework.boot.autoconfigure.web.servlet.error.BasicErrorController.error
14:05:51.052 logback [http-nio-8080-exec-2] WARN  c.s.s.interceptor.MyInterceptor - logger tracer 用户:0:0:0:0:0:0:0:1,访问目标:org.springframework.boot.autoconfigure.web.servlet.error.BasicErrorController.error
14:05:54.077 logback [http-nio-8080-exec-5] WARN  c.s.s.interceptor.MyInterceptor - logger tracer 用户:0:0:0:0:0:0:0:1,访问目标:org.springframework.boot.autoconfigure.web.servlet.error.BasicErrorController.error
14:05:54.077 logback [http-nio-8080-exec-6] WARN  c.s.s.interceptor.MyInterceptor - logger tracer 用户:0:0:0:0:0:0:0:1,访问目标:org.springframework.boot.autoconfigure.web.servlet.error.BasicErrorController.error
14:05:55.456 logback [http-nio-8080-exec-9] WARN  c.s.s.interceptor.MyInterceptor - logger tracer 用户:0:0:0:0:0:0:0:1,访问目标:org.springframework.boot.autoconfigure.web.servlet.error.BasicErrorController.error
14:05:55.456 logback [http-nio-8080-exec-8] WARN  c.s.s.interceptor.MyInterceptor - logger tracer 用户:0:0:0:0:0:0:0:1,访问目标:org.springframework.boot.autoconfigure.web.servlet.error.BasicErrorController.error
14:05:57.007 logback [http-nio-8080-exec-3] WARN  c.s.s.interceptor.MyInterceptor - logger tracer 用户:0:0:0:0:0:0:0:1,访问目标:org.springframework.boot.autoconfigure.web.servlet.error.BasicErrorController.error
14:05:57.007 logback [http-nio-8080-exec-1] WARN  c.s.s.interceptor.MyInterceptor - logger tracer 用户:0:0:0:0:0:0:0:1,访问目标:org.springframework.boot.autoconfigure.web.servlet.error.BasicErrorController.error
14:05:59.355 logback [SpringContextShutdownHook] INFO  o.s.s.c.ThreadPoolTaskExecutor - Shutting down ExecutorService 'applicationTaskExecutor'
14:06:24.970 logback [main] WARN  o.s.boot.StartupInfoLogger - InetAddress.getLocalHost().getHostName() took 5002 milliseconds to respond. Please verify your network configuration (macOS machines may need to add entries to /etc/hosts).
14:06:29.980 logback [main] INFO  c.s.s.SpringBootLogbackApplication - Starting SpringBootLogbackApplication on PykeChen-MBP.local with PID 4265 (/Users/cpy/Downloads/Spring-project/SpringAll/spring-boot-logback/target/classes started by cpy in /Users/cpy/Downloads/Spring-project/SpringAll/spring-boot-logback)
14:06:29.981 logback [main] INFO  c.s.s.SpringBootLogbackApplication - No active profile set, falling back to default profiles: default
14:06:30.535 logback [main] INFO  o.s.b.w.e.tomcat.TomcatWebServer - Tomcat initialized with port(s): 8080 (http)
14:06:30.541 logback [main] INFO  o.a.coyote.http11.Http11NioProtocol - Initializing ProtocolHandler ["http-nio-8080"]
14:06:30.541 logback [main] INFO  o.a.catalina.core.StandardService - Starting service [Tomcat]
14:06:30.542 logback [main] INFO  o.a.catalina.core.StandardEngine - Starting Servlet engine: [Apache Tomcat/9.0.31]
14:06:30.598 logback [main] INFO  o.a.c.c.C.[Tomcat].[localhost].[/] - Initializing Spring embedded WebApplicationContext
14:06:30.598 logback [main] INFO  o.s.web.context.ContextLoader - Root WebApplicationContext: initialization completed in 561 ms
14:06:30.709 logback [main] INFO  o.s.s.c.ThreadPoolTaskExecutor - Initializing ExecutorService 'applicationTaskExecutor'
14:06:30.837 logback [main] INFO  o.a.coyote.http11.Http11NioProtocol - Starting ProtocolHandler ["http-nio-8080"]
14:06:30.864 logback [main] INFO  o.s.b.w.e.tomcat.TomcatWebServer - Tomcat started on port(s): 8080 (http) with context path ''
14:06:30.867 logback [main] INFO  c.s.s.SpringBootLogbackApplication - Started SpringBootLogbackApplication in 21.2 seconds (JVM running for 26.602)
14:06:41.054 logback [http-nio-8080-exec-1] INFO  o.a.c.c.C.[Tomcat].[localhost].[/] - Initializing Spring DispatcherServlet 'dispatcherServlet'
14:06:41.055 logback [http-nio-8080-exec-1] INFO  o.s.web.servlet.DispatcherServlet - Initializing Servlet 'dispatcherServlet'
14:06:41.059 logback [http-nio-8080-exec-1] INFO  o.s.web.servlet.DispatcherServlet - Completed initialization in 4 ms
14:06:41.385 logback [http-nio-8080-exec-3] WARN  c.s.s.interceptor.MyInterceptor - logger tracer 用户:0:0:0:0:0:0:0:1,访问目标:org.springframework.boot.autoconfigure.web.servlet.error.BasicErrorController.error
14:06:41.385 logback [http-nio-8080-exec-2] WARN  c.s.s.interceptor.MyInterceptor - logger tracer 用户:0:0:0:0:0:0:0:1,访问目标:org.springframework.boot.autoconfigure.web.servlet.error.BasicErrorController.error
14:06:43.648 logback [http-nio-8080-exec-6] WARN  c.s.s.interceptor.MyInterceptor - logger tracer 用户:0:0:0:0:0:0:0:1,访问目标:org.springframework.boot.autoconfigure.web.servlet.error.BasicErrorController.error
14:06:43.648 logback [http-nio-8080-exec-5] WARN  c.s.s.interceptor.MyInterceptor - logger tracer 用户:0:0:0:0:0:0:0:1,访问目标:org.springframework.boot.autoconfigure.web.servlet.error.BasicErrorController.error
14:06:44.404 logback [http-nio-8080-exec-8] WARN  c.s.s.interceptor.MyInterceptor - logger tracer 用户:0:0:0:0:0:0:0:1,访问目标:org.springframework.boot.autoconfigure.web.servlet.error.BasicErrorController.error
14:06:44.405 logback [http-nio-8080-exec-9] WARN  c.s.s.interceptor.MyInterceptor - logger tracer 用户:0:0:0:0:0:0:0:1,访问目标:org.springframework.boot.autoconfigure.web.servlet.error.BasicErrorController.error
14:06:45.317 logback [http-nio-8080-exec-2] WARN  c.s.s.interceptor.MyInterceptor - logger tracer 用户:0:0:0:0:0:0:0:1,访问目标:org.springframework.boot.autoconfigure.web.servlet.error.BasicErrorController.error
14:06:45.317 logback [http-nio-8080-exec-1] WARN  c.s.s.interceptor.MyInterceptor - logger tracer 用户:0:0:0:0:0:0:0:1,访问目标:org.springframework.boot.autoconfigure.web.servlet.error.BasicErrorController.error
14:08:18.439 logback [http-nio-8080-exec-5] WARN  c.s.s.interceptor.MyInterceptor - logger tracer 用户:0:0:0:0:0:0:0:1,访问目标:org.springframework.boot.autoconfigure.web.servlet.error.BasicErrorController.errorHtml
14:08:55.886 logback [http-nio-8080-exec-7] WARN  c.s.s.interceptor.MyInterceptor - logger tracer 用户:0:0:0:0:0:0:0:1,访问目标:org.springframework.boot.autoconfigure.web.servlet.error.BasicErrorController.errorHtml
14:10:04.101 logback [http-nio-8080-exec-1] WARN  c.s.s.interceptor.MyInterceptor - logger tracer 用户:0:0:0:0:0:0:0:1,访问目标:org.springframework.boot.autoconfigure.web.servlet.error.BasicErrorController.errorHtml
14:14:27.246 logback [SpringContextShutdownHook] INFO  o.s.s.c.ThreadPoolTaskExecutor - Shutting down ExecutorService 'applicationTaskExecutor'
14:14:49.759 logback [main] WARN  o.s.boot.StartupInfoLogger - InetAddress.getLocalHost().getHostName() took 5002 milliseconds to respond. Please verify your network configuration (macOS machines may need to add entries to /etc/hosts).
14:14:54.767 logback [main] INFO  c.s.s.SpringBootLogbackApplication - Starting SpringBootLogbackApplication on PykeChen-MBP.local with PID 4458 (/Users/cpy/Downloads/Spring-project/SpringAll/spring-boot-logback/target/classes started by cpy in /Users/cpy/Downloads/Spring-project/SpringAll/spring-boot-logback)
14:14:54.768 logback [main] INFO  c.s.s.SpringBootLogbackApplication - No active profile set, falling back to default profiles: default
14:14:55.389 logback [main] INFO  o.s.b.w.e.tomcat.TomcatWebServer - Tomcat initialized with port(s): 8080 (http)
14:14:55.396 logback [main] INFO  o.a.coyote.http11.Http11NioProtocol - Initializing ProtocolHandler ["http-nio-8080"]
14:14:55.396 logback [main] INFO  o.a.catalina.core.StandardService - Starting service [Tomcat]
14:14:55.396 logback [main] INFO  o.a.catalina.core.StandardEngine - Starting Servlet engine: [Apache Tomcat/9.0.31]
14:14:55.457 logback [main] INFO  o.a.c.c.C.[Tomcat].[localhost].[/] - Initializing Spring embedded WebApplicationContext
14:14:55.457 logback [main] INFO  o.s.web.context.ContextLoader - Root WebApplicationContext: initialization completed in 659 ms
14:14:55.573 logback [main] INFO  o.s.s.c.ThreadPoolTaskExecutor - Initializing ExecutorService 'applicationTaskExecutor'
14:14:55.710 logback [main] INFO  o.a.coyote.http11.Http11NioProtocol - Starting ProtocolHandler ["http-nio-8080"]
14:14:55.737 logback [main] INFO  o.s.b.w.e.tomcat.TomcatWebServer - Tomcat started on port(s): 8080 (http) with context path ''
14:14:55.740 logback [main] INFO  c.s.s.SpringBootLogbackApplication - Started SpringBootLogbackApplication in 21.287 seconds (JVM running for 26.724)
14:15:16.178 logback [http-nio-8080-exec-1] INFO  o.a.c.c.C.[Tomcat].[localhost].[/] - Initializing Spring DispatcherServlet 'dispatcherServlet'
14:15:16.179 logback [http-nio-8080-exec-1] INFO  o.s.web.servlet.DispatcherServlet - Initializing Servlet 'dispatcherServlet'
14:15:16.183 logback [http-nio-8080-exec-1] INFO  o.s.web.servlet.DispatcherServlet - Completed initialization in 4 ms
14:15:16.360 logback [http-nio-8080-exec-2] WARN  c.s.s.interceptor.MyInterceptor - logger tracer 用户:0:0:0:0:0:0:0:1,访问目标:org.springframework.boot.autoconfigure.web.servlet.error.BasicErrorController.error
14:15:16.360 logback [http-nio-8080-exec-3] WARN  c.s.s.interceptor.MyInterceptor - logger tracer 用户:0:0:0:0:0:0:0:1,访问目标:org.springframework.boot.autoconfigure.web.servlet.error.BasicErrorController.error
14:15:17.937 logback [http-nio-8080-exec-5] WARN  c.s.s.interceptor.MyInterceptor - logger tracer 用户:0:0:0:0:0:0:0:1,访问目标:org.springframework.boot.autoconfigure.web.servlet.error.BasicErrorController.error
14:15:17.937 logback [http-nio-8080-exec-6] WARN  c.s.s.interceptor.MyInterceptor - logger tracer 用户:0:0:0:0:0:0:0:1,访问目标:org.springframework.boot.autoconfigure.web.servlet.error.BasicErrorController.error
14:20:41.323 logback [http-nio-8080-exec-1] WARN  c.s.s.interceptor.MyInterceptor - logger tracer 用户:0:0:0:0:0:0:0:1,访问目标:org.springframework.boot.autoconfigure.web.servlet.error.BasicErrorController.error
14:20:41.323 logback [http-nio-8080-exec-10] WARN  c.s.s.interceptor.MyInterceptor - logger tracer 用户:0:0:0:0:0:0:0:1,访问目标:org.springframework.boot.autoconfigure.web.servlet.error.BasicErrorController.error
14:20:43.941 logback [http-nio-8080-exec-4] WARN  c.s.s.interceptor.MyInterceptor - logger tracer 用户:0:0:0:0:0:0:0:1,访问目标:org.springframework.boot.autoconfigure.web.servlet.error.BasicErrorController.error
14:20:43.942 logback [http-nio-8080-exec-2] WARN  c.s.s.interceptor.MyInterceptor - logger tracer 用户:0:0:0:0:0:0:0:1,访问目标:org.springframework.boot.autoconfigure.web.servlet.error.BasicErrorController.error
14:21:48.464 logback [SpringContextShutdownHook] INFO  o.s.s.c.ThreadPoolTaskExecutor - Shutting down ExecutorService 'applicationTaskExecutor'
14:22:11.408 logback [main] WARN  o.s.boot.StartupInfoLogger - InetAddress.getLocalHost().getHostName() took 5004 milliseconds to respond. Please verify your network configuration (macOS machines may need to add entries to /etc/hosts).
14:22:16.416 logback [main] INFO  c.s.s.SpringBootLogbackApplication - Starting SpringBootLogbackApplication on PykeChen-MBP.local with PID 4540 (/Users/cpy/Downloads/Spring-project/SpringAll/spring-boot-logback/target/classes started by cpy in /Users/cpy/Downloads/Spring-project/SpringAll/spring-boot-logback)
14:22:16.417 logback [main] INFO  c.s.s.SpringBootLogbackApplication - No active profile set, falling back to default profiles: default
14:22:16.946 logback [main] INFO  o.s.b.w.e.tomcat.TomcatWebServer - Tomcat initialized with port(s): 8080 (http)
14:22:16.953 logback [main] INFO  o.a.coyote.http11.Http11NioProtocol - Initializing ProtocolHandler ["http-nio-8080"]
14:22:16.954 logback [main] INFO  o.a.catalina.core.StandardService - Starting service [Tomcat]
14:22:16.954 logback [main] INFO  o.a.catalina.core.StandardEngine - Starting Servlet engine: [Apache Tomcat/9.0.31]
14:22:17.003 logback [main] INFO  o.a.c.c.C.[Tomcat].[localhost].[/] - Initializing Spring embedded WebApplicationContext
14:22:17.003 logback [main] INFO  o.s.web.context.ContextLoader - Root WebApplicationContext: initialization completed in 556 ms
14:22:17.111 logback [main] INFO  o.s.s.c.ThreadPoolTaskExecutor - Initializing ExecutorService 'applicationTaskExecutor'
14:22:17.237 logback [main] INFO  o.a.coyote.http11.Http11NioProtocol - Starting ProtocolHandler ["http-nio-8080"]
14:22:17.264 logback [main] INFO  o.s.b.w.e.tomcat.TomcatWebServer - Tomcat started on port(s): 8080 (http) with context path ''
14:22:17.267 logback [main] INFO  c.s.s.SpringBootLogbackApplication - Started SpringBootLogbackApplication in 21.129 seconds (JVM running for 26.522)
14:22:31.012 logback [http-nio-8080-exec-1] INFO  o.a.c.c.C.[Tomcat].[localhost].[/] - Initializing Spring DispatcherServlet 'dispatcherServlet'
14:22:31.013 logback [http-nio-8080-exec-1] INFO  o.s.web.servlet.DispatcherServlet - Initializing Servlet 'dispatcherServlet'
14:22:31.017 logback [http-nio-8080-exec-1] INFO  o.s.web.servlet.DispatcherServlet - Completed initialization in 4 ms
14:22:31.354 logback [http-nio-8080-exec-2] WARN  c.s.s.interceptor.MyInterceptor - logger tracer 用户:0:0:0:0:0:0:0:1,访问目标:org.springframework.boot.autoconfigure.web.servlet.error.BasicErrorController.error
14:22:31.354 logback [http-nio-8080-exec-3] WARN  c.s.s.interceptor.MyInterceptor - logger tracer 用户:0:0:0:0:0:0:0:1,访问目标:org.springframework.boot.autoconfigure.web.servlet.error.BasicErrorController.error
14:22:37.995 logback [http-nio-8080-exec-6] WARN  c.s.s.interceptor.MyInterceptor - logger tracer 用户:0:0:0:0:0:0:0:1,访问目标:org.springframework.boot.autoconfigure.web.servlet.error.BasicErrorController.error
14:23:32.719 logback [http-nio-8080-exec-7] WARN  c.s.s.interceptor.MyInterceptor - logger tracer 用户:0:0:0:0:0:0:0:1,访问目标:org.springframework.boot.autoconfigure.web.servlet.error.BasicErrorController.errorHtml
14:23:42.339 logback [http-nio-8080-exec-8] WARN  c.s.s.interceptor.MyInterceptor - logger tracer 用户:0:0:0:0:0:0:0:1,访问目标:org.springframework.boot.autoconfigure.web.servlet.error.BasicErrorController.errorHtml
14:23:52.663 logback [http-nio-8080-exec-10] WARN  c.s.s.interceptor.MyInterceptor - logger tracer 用户:0:0:0:0:0:0:0:1,访问目标:org.springframework.boot.autoconfigure.web.servlet.error.BasicErrorController.errorHtml
14:23:57.701 logback [http-nio-8080-exec-1] WARN  c.s.s.interceptor.MyInterceptor - logger tracer 用户:0:0:0:0:0:0:0:1,访问目标:org.springframework.boot.autoconfigure.web.servlet.error.BasicErrorController.errorHtml
14:24:00.823 logback [http-nio-8080-exec-3] WARN  c.s.s.interceptor.MyInterceptor - logger tracer 用户:0:0:0:0:0:0:0:1,访问目标:org.springframework.boot.autoconfigure.web.servlet.error.BasicErrorController.errorHtml
14:24:04.350 logback [http-nio-8080-exec-4] WARN  c.s.s.interceptor.MyInterceptor - logger tracer 用户:0:0:0:0:0:0:0:1,访问目标:org.springframework.boot.autoconfigure.web.servlet.error.BasicErrorController.errorHtml
14:24:08.231 logback [http-nio-8080-exec-5] WARN  c.s.s.interceptor.MyInterceptor - logger tracer 用户:0:0:0:0:0:0:0:1,访问目标:org.springframework.boot.autoconfigure.web.servlet.error.BasicErrorController.errorHtml
14:24:14.192 logback [http-nio-8080-exec-6] WARN  c.s.s.interceptor.MyInterceptor - logger tracer 用户:0:0:0:0:0:0:0:1,访问目标:org.springframework.boot.autoconfigure.web.servlet.error.BasicErrorController.errorHtml
14:24:35.467 logback [http-nio-8080-exec-8] WARN  c.s.s.interceptor.MyInterceptor - logger tracer 用户:0:0:0:0:0:0:0:1,访问目标:org.springframework.boot.autoconfigure.web.servlet.error.BasicErrorController.errorHtml
14:25:00.596 logback [http-nio-8080-exec-10] WARN  c.s.s.interceptor.MyInterceptor - logger tracer 用户:0:0:0:0:0:0:0:1,访问目标:org.springframework.boot.autoconfigure.web.servlet.error.BasicErrorController.errorHtml
14:26:56.362 logback [http-nio-8080-exec-5] WARN  c.s.s.interceptor.MyInterceptor - logger tracer 用户:0:0:0:0:0:0:0:1,访问目标:org.springframework.boot.autoconfigure.web.servlet.error.BasicErrorController.error
14:26:56.363 logback [http-nio-8080-exec-4] WARN  c.s.s.interceptor.MyInterceptor - logger tracer 用户:0:0:0:0:0:0:0:1,访问目标:org.springframework.boot.autoconfigure.web.servlet.error.BasicErrorController.error
14:27:03.087 logback [http-nio-8080-exec-6] WARN  c.s.s.interceptor.MyInterceptor - logger tracer 用户:0:0:0:0:0:0:0:1,访问目标:org.springframework.boot.autoconfigure.web.servlet.error.BasicErrorController.errorHtml
14:36:51.340 logback [SpringContextShutdownHook] INFO  o.s.s.c.ThreadPoolTaskExecutor - Shutting down ExecutorService 'applicationTaskExecutor'
14:37:16.058 logback [main] WARN  o.s.boot.StartupInfoLogger - InetAddress.getLocalHost().getHostName() took 5005 milliseconds to respond. Please verify your network configuration (macOS machines may need to add entries to /etc/hosts).
14:37:21.064 logback [main] INFO  c.s.s.SpringBootLogbackApplication - Starting SpringBootLogbackApplication on PykeChen-MBP.local with PID 4919 (/Users/cpy/Downloads/Spring-project/SpringAll/spring-boot-logback/target/classes started by cpy in /Users/cpy/Downloads/Spring-project/SpringAll/spring-boot-logback)
14:37:21.065 logback [main] INFO  c.s.s.SpringBootLogbackApplication - No active profile set, falling back to default profiles: default
14:37:21.697 logback [main] INFO  o.s.b.w.e.tomcat.TomcatWebServer - Tomcat initialized with port(s): 8080 (http)
14:37:21.704 logback [main] INFO  o.a.coyote.http11.Http11NioProtocol - Initializing ProtocolHandler ["http-nio-8080"]
14:37:21.704 logback [main] INFO  o.a.catalina.core.StandardService - Starting service [Tomcat]
14:37:21.704 logback [main] INFO  o.a.catalina.core.StandardEngine - Starting Servlet engine: [Apache Tomcat/9.0.31]
14:37:21.759 logback [main] INFO  o.a.c.c.C.[Tomcat].[localhost].[/] - Initializing Spring embedded WebApplicationContext
14:37:21.759 logback [main] INFO  o.s.web.context.ContextLoader - Root WebApplicationContext: initialization completed in 641 ms
14:37:21.872 logback [main] INFO  o.s.s.c.ThreadPoolTaskExecutor - Initializing ExecutorService 'applicationTaskExecutor'
14:37:22.008 logback [main] INFO  o.a.coyote.http11.Http11NioProtocol - Starting ProtocolHandler ["http-nio-8080"]
14:37:22.034 logback [main] INFO  o.s.b.w.e.tomcat.TomcatWebServer - Tomcat started on port(s): 8080 (http) with context path ''
14:37:22.037 logback [main] INFO  c.s.s.SpringBootLogbackApplication - Started SpringBootLogbackApplication in 21.28 seconds (JVM running for 26.692)
14:37:33.852 logback [http-nio-8080-exec-1] INFO  o.a.c.c.C.[Tomcat].[localhost].[/] - Initializing Spring DispatcherServlet 'dispatcherServlet'
14:37:33.853 logback [http-nio-8080-exec-1] INFO  o.s.web.servlet.DispatcherServlet - Initializing Servlet 'dispatcherServlet'
14:37:33.857 logback [http-nio-8080-exec-1] INFO  o.s.web.servlet.DispatcherServlet - Completed initialization in 4 ms
14:38:03.554 logback [http-nio-8080-exec-9] INFO  c.s.s.controller.LearnController - 日志输出 info
14:38:03.555 logback [http-nio-8080-exec-9] WARN  c.s.s.controller.LearnController - 日志输出 warn
14:38:03.555 logback [http-nio-8080-exec-9] ERROR c.s.s.controller.LearnController - 日志输出 error
14:38:03.602 logback [http-nio-8080-exec-10] WARN  c.s.s.interceptor.MyInterceptor - logger tracer 用户:0:0:0:0:0:0:0:1,访问目标:com.springboot.springbootlogback.controller.LearnController.index
14:38:50.838 logback [http-nio-8080-exec-4] INFO  c.s.s.controller.LearnController - 日志输出 info
14:38:50.838 logback [http-nio-8080-exec-4] WARN  c.s.s.controller.LearnController - 日志输出 warn
14:38:50.838 logback [http-nio-8080-exec-4] ERROR c.s.s.controller.LearnController - 日志输出 error
14:38:50.848 logback [http-nio-8080-exec-5] WARN  c.s.s.interceptor.MyInterceptor - logger tracer 用户:0:0:0:0:0:0:0:1,访问目标:com.springboot.springbootlogback.controller.LearnController.index
14:39:34.734 logback [http-nio-8080-exec-10] INFO  c.s.s.controller.LearnController - 日志输出 info
14:39:34.735 logback [http-nio-8080-exec-10] WARN  c.s.s.controller.LearnController - 日志输出 warn
14:39:34.735 logback [http-nio-8080-exec-10] ERROR c.s.s.controller.LearnController - 日志输出 error
